<?xml version="1.0" encoding="UTF-8"?>
<testsuite name="HVL.Scheduler.SimulationTest" tests="2" skipped="0" failures="0" errors="0" timestamp="2025-10-01T08:45:29.667Z" hostname="158-37-232-114.hvl.no" time="0.014">
  <properties/>
  <testcase name="testPSJF()" classname="HVL.Scheduler.SimulationTest" time="0.013"/>
  <testcase name="testRR()" classname="HVL.Scheduler.SimulationTest" time="0.001"/>
  <system-out><![CDATA[]]></system-out>
  <system-err><![CDATA[]]></system-err>
</testsuite>
